Analysis & Synthesis report for top
Thu Nov 30 10:13:48 2023
Quartus Prime Version 22.1std.2 Build 922 07/20/2023 SC Lite Edition


---------------------
; Table of Contents ;
---------------------
  1. Legal Notice
  2. Analysis & Synthesis Summary
  3. Analysis & Synthesis Settings
  4. Parallel Compilation
  5. Analysis & Synthesis Messages



----------------
; Legal Notice ;
----------------
Copyright (C) 2023  Intel Corporation. All rights reserved.
Your use of Intel Corporation's design tools, logic functions 
and other software and tools, and any partner logic 
functions, and any output files from any of the foregoing 
(including device programming or simulation files), and any 
associated documentation or information are expressly subject 
to the terms and conditions of the Intel Program License 
Subscription Agreement, the Intel Quartus Prime License Agreement,
the Intel FPGA IP License Agreement, or other applicable license
agreement, including, without limitation, that your use is for
the sole purpose of programming logic devices manufactured by
Intel and sold by Intel or its authorized distributors.  Please
refer to the applicable agreement for further details, at
https://fpgasoftware.intel.com/eula.



+-------------------------------------------------------------------------------------+
; Analysis & Synthesis Summary                                                        ;
+------------------------------------+------------------------------------------------+
; Analysis & Synthesis Status        ; Failed - Thu Nov 30 10:13:48 2023              ;
; Quartus Prime Version              ; 22.1std.2 Build 922 07/20/2023 SC Lite Edition ;
; Revision Name                      ; top                                            ;
; Top-level Entity Name              ; top                                            ;
; Family                             ; Cyclone IV E                                   ;
; Total logic elements               ; N/A until Partition Merge                      ;
;     Total combinational functions  ; N/A until Partition Merge                      ;
;     Dedicated logic registers      ; N/A until Partition Merge                      ;
; Total registers                    ; N/A until Partition Merge                      ;
; Total pins                         ; N/A until Partition Merge                      ;
; Total virtual pins                 ; N/A until Partition Merge                      ;
; Total memory bits                  ; N/A until Partition Merge                      ;
; Embedded Multiplier 9-bit elements ; N/A until Partition Merge                      ;
; Total PLLs                         ; N/A until Partition Merge                      ;
+------------------------------------+------------------------------------------------+


+------------------------------------------------------------------------------------------------------------+
; Analysis & Synthesis Settings                                                                              ;
+------------------------------------------------------------------+--------------------+--------------------+
; Option                                                           ; Setting            ; Default Value      ;
+------------------------------------------------------------------+--------------------+--------------------+
; Device                                                           ; EP4CE10E22C8       ;                    ;
; Top-level entity name                                            ; top                ; top                ;
; Family name                                                      ; Cyclone IV E       ; Cyclone V          ;
; Use smart compilation                                            ; Off                ; Off                ;
; Enable parallel Assembler and Timing Analyzer during compilation ; On                 ; On                 ;
; Enable compact report table                                      ; Off                ; Off                ;
; Restructure Multiplexers                                         ; Auto               ; Auto               ;
; Create Debugging Nodes for IP Cores                              ; Off                ; Off                ;
; Preserve fewer node names                                        ; On                 ; On                 ;
; Intel FPGA IP Evaluation Mode                                    ; Enable             ; Enable             ;
; Verilog Version                                                  ; Verilog_2001       ; Verilog_2001       ;
; VHDL Version                                                     ; VHDL_1993          ; VHDL_1993          ;
; State Machine Processing                                         ; Auto               ; Auto               ;
; Safe State Machine                                               ; Off                ; Off                ;
; Extract Verilog State Machines                                   ; On                 ; On                 ;
; Extract VHDL State Machines                                      ; On                 ; On                 ;
; Ignore Verilog initial constructs                                ; Off                ; Off                ;
; Iteration limit for constant Verilog loops                       ; 5000               ; 5000               ;
; Iteration limit for non-constant Verilog loops                   ; 250                ; 250                ;
; Add Pass-Through Logic to Inferred RAMs                          ; On                 ; On                 ;
; Infer RAMs from Raw Logic                                        ; On                 ; On                 ;
; Parallel Synthesis                                               ; On                 ; On                 ;
; DSP Block Balancing                                              ; Auto               ; Auto               ;
; NOT Gate Push-Back                                               ; On                 ; On                 ;
; Power-Up Don't Care                                              ; On                 ; On                 ;
; Remove Redundant Logic Cells                                     ; Off                ; Off                ;
; Remove Duplicate Registers                                       ; On                 ; On                 ;
; Ignore CARRY Buffers                                             ; Off                ; Off                ;
; Ignore CASCADE Buffers                                           ; Off                ; Off                ;
; Ignore GLOBAL Buffers                                            ; Off                ; Off                ;
; Ignore ROW GLOBAL Buffers                                        ; Off                ; Off                ;
; Ignore LCELL Buffers                                             ; Off                ; Off                ;
; Ignore SOFT Buffers                                              ; On                 ; On                 ;
; Limit AHDL Integers to 32 Bits                                   ; Off                ; Off                ;
; Optimization Technique                                           ; Balanced           ; Balanced           ;
; Carry Chain Length                                               ; 70                 ; 70                 ;
; Auto Carry Chains                                                ; On                 ; On                 ;
; Auto Open-Drain Pins                                             ; On                 ; On                 ;
; Perform WYSIWYG Primitive Resynthesis                            ; Off                ; Off                ;
; Auto ROM Replacement                                             ; On                 ; On                 ;
; Auto RAM Replacement                                             ; On                 ; On                 ;
; Auto DSP Block Replacement                                       ; On                 ; On                 ;
; Auto Shift Register Replacement                                  ; Auto               ; Auto               ;
; Allow Shift Register Merging across Hierarchies                  ; Auto               ; Auto               ;
; Auto Clock Enable Replacement                                    ; On                 ; On                 ;
; Strict RAM Replacement                                           ; Off                ; Off                ;
; Allow Synchronous Control Signals                                ; On                 ; On                 ;
; Force Use of Synchronous Clear Signals                           ; Off                ; Off                ;
; Auto RAM Block Balancing                                         ; On                 ; On                 ;
; Auto RAM to Logic Cell Conversion                                ; Off                ; Off                ;
; Auto Resource Sharing                                            ; Off                ; Off                ;
; Allow Any RAM Size For Recognition                               ; Off                ; Off                ;
; Allow Any ROM Size For Recognition                               ; Off                ; Off                ;
; Allow Any Shift Register Size For Recognition                    ; Off                ; Off                ;
; Use LogicLock Constraints during Resource Balancing              ; On                 ; On                 ;
; Ignore translate_off and synthesis_off directives                ; Off                ; Off                ;
; Timing-Driven Synthesis                                          ; On                 ; On                 ;
; Report Parameter Settings                                        ; On                 ; On                 ;
; Report Source Assignments                                        ; On                 ; On                 ;
; Report Connectivity Checks                                       ; On                 ; On                 ;
; Ignore Maximum Fan-Out Assignments                               ; Off                ; Off                ;
; Synchronization Register Chain Length                            ; 2                  ; 2                  ;
; Power Optimization During Synthesis                              ; Normal compilation ; Normal compilation ;
; HDL message level                                                ; Level2             ; Level2             ;
; Suppress Register Optimization Related Messages                  ; Off                ; Off                ;
; Number of Removed Registers Reported in Synthesis Report         ; 5000               ; 5000               ;
; Number of Swept Nodes Reported in Synthesis Report               ; 5000               ; 5000               ;
; Number of Inverted Registers Reported in Synthesis Report        ; 100                ; 100                ;
; Clock MUX Protection                                             ; On                 ; On                 ;
; Auto Gated Clock Conversion                                      ; Off                ; Off                ;
; Block Design Naming                                              ; Auto               ; Auto               ;
; SDC constraint protection                                        ; Off                ; Off                ;
; Synthesis Effort                                                 ; Auto               ; Auto               ;
; Shift Register Replacement - Allow Asynchronous Clear Signal     ; On                 ; On                 ;
; Pre-Mapping Resynthesis Optimization                             ; Off                ; Off                ;
; Analysis & Synthesis Message Level                               ; Medium             ; Medium             ;
; Disable Register Merging Across Hierarchies                      ; Auto               ; Auto               ;
; Resource Aware Inference For Block RAM                           ; On                 ; On                 ;
+------------------------------------------------------------------+--------------------+--------------------+


+------------------------------------------+
; Parallel Compilation                     ;
+----------------------------+-------------+
; Processors                 ; Number      ;
+----------------------------+-------------+
; Number detected on machine ; 4           ;
; Maximum allowed            ; 2           ;
;                            ;             ;
; Average used               ; 1.00        ;
; Maximum used               ; 1           ;
;                            ;             ;
; Usage by Processor         ; % Time Used ;
;     Processor 1            ; 100.0%      ;
+----------------------------+-------------+


+-------------------------------+
; Analysis & Synthesis Messages ;
+-------------------------------+
Info: *******************************************************************
Info: Running Quartus Prime Analysis & Synthesis
    Info: Version 22.1std.2 Build 922 07/20/2023 SC Lite Edition
    Info: Processing started: Thu Nov 30 10:13:34 2023
Info: Command: quartus_map --read_settings_files=on --write_settings_files=off top -c top
Warning (18236): Number of processors has not been specified which may cause overloading on shared machines.  Set the global assignment NUM_PARALLEL_PROCESSORS in your QSF to an appropriate value for best performance.
Info (20030): Parallel compilation is enabled and will use 2 of the 2 processors detected
Warning (12125): Using design file top.v, which is not specified as a design file for the current project, but contains definitions for 1 design units and 1 entities in project
    Info (12023): Found entity 1: top File: /home/alejandro/Documents/gits/Digital-UN-2023_2/lab_ultra/top.v Line: 1
Info (12127): Elaborating entity "top" for the top level hierarchy
Error (10200): Verilog HDL Conditional Statement error at top.v(42): cannot match operand(s) in the condition to the corresponding edges in the enclosing event control of the always construct File: /home/alejandro/Documents/gits/Digital-UN-2023_2/lab_ultra/top.v Line: 42
Error (10200): Verilog HDL Conditional Statement error at top.v(52): cannot match operand(s) in the condition to the corresponding edges in the enclosing event control of the always construct File: /home/alejandro/Documents/gits/Digital-UN-2023_2/lab_ultra/top.v Line: 52
Error (10200): Verilog HDL Conditional Statement error at top.v(69): cannot match operand(s) in the condition to the corresponding edges in the enclosing event control of the always construct File: /home/alejandro/Documents/gits/Digital-UN-2023_2/lab_ultra/top.v Line: 69
Warning (10240): Verilog HDL Always Construct warning at top.v(36): inferring latch(es) for variable "ti_on", which holds its previous value in one or more paths through the always construct File: /home/alejandro/Documents/gits/Digital-UN-2023_2/lab_ultra/top.v Line: 36
Warning (10240): Verilog HDL Always Construct warning at top.v(36): inferring latch(es) for variable "ul_on", which holds its previous value in one or more paths through the always construct File: /home/alejandro/Documents/gits/Digital-UN-2023_2/lab_ultra/top.v Line: 36
Warning (10240): Verilog HDL Always Construct warning at top.v(36): inferring latch(es) for variable "count_0", which holds its previous value in one or more paths through the always construct File: /home/alejandro/Documents/gits/Digital-UN-2023_2/lab_ultra/top.v Line: 36
Warning (10240): Verilog HDL Always Construct warning at top.v(36): inferring latch(es) for variable "count_1", which holds its previous value in one or more paths through the always construct File: /home/alejandro/Documents/gits/Digital-UN-2023_2/lab_ultra/top.v Line: 36
Warning (10240): Verilog HDL Always Construct warning at top.v(36): inferring latch(es) for variable "ul_off", which holds its previous value in one or more paths through the always construct File: /home/alejandro/Documents/gits/Digital-UN-2023_2/lab_ultra/top.v Line: 36
Warning (10240): Verilog HDL Always Construct warning at top.v(36): inferring latch(es) for variable "a", which holds its previous value in one or more paths through the always construct File: /home/alejandro/Documents/gits/Digital-UN-2023_2/lab_ultra/top.v Line: 36
Warning (10240): Verilog HDL Always Construct warning at top.v(36): inferring latch(es) for variable "b", which holds its previous value in one or more paths through the always construct File: /home/alejandro/Documents/gits/Digital-UN-2023_2/lab_ultra/top.v Line: 36
Warning (10240): Verilog HDL Always Construct warning at top.v(36): inferring latch(es) for variable "c", which holds its previous value in one or more paths through the always construct File: /home/alejandro/Documents/gits/Digital-UN-2023_2/lab_ultra/top.v Line: 36
Warning (10240): Verilog HDL Always Construct warning at top.v(36): inferring latch(es) for variable "d", which holds its previous value in one or more paths through the always construct File: /home/alejandro/Documents/gits/Digital-UN-2023_2/lab_ultra/top.v Line: 36
Warning (10240): Verilog HDL Always Construct warning at top.v(36): inferring latch(es) for variable "e", which holds its previous value in one or more paths through the always construct File: /home/alejandro/Documents/gits/Digital-UN-2023_2/lab_ultra/top.v Line: 36
Info (10041): Inferred latch for "e" at top.v(36) File: /home/alejandro/Documents/gits/Digital-UN-2023_2/lab_ultra/top.v Line: 36
Info (10041): Inferred latch for "d" at top.v(36) File: /home/alejandro/Documents/gits/Digital-UN-2023_2/lab_ultra/top.v Line: 36
Info (10041): Inferred latch for "c" at top.v(36) File: /home/alejandro/Documents/gits/Digital-UN-2023_2/lab_ultra/top.v Line: 36
Info (10041): Inferred latch for "b" at top.v(36) File: /home/alejandro/Documents/gits/Digital-UN-2023_2/lab_ultra/top.v Line: 36
Info (10041): Inferred latch for "a" at top.v(36) File: /home/alejandro/Documents/gits/Digital-UN-2023_2/lab_ultra/top.v Line: 36
Info (10041): Inferred latch for "ul_off" at top.v(36) File: /home/alejandro/Documents/gits/Digital-UN-2023_2/lab_ultra/top.v Line: 36
Info (10041): Inferred latch for "count_1[0]" at top.v(36) File: /home/alejandro/Documents/gits/Digital-UN-2023_2/lab_ultra/top.v Line: 36
Info (10041): Inferred latch for "count_1[1]" at top.v(36) File: /home/alejandro/Documents/gits/Digital-UN-2023_2/lab_ultra/top.v Line: 36
Info (10041): Inferred latch for "count_1[2]" at top.v(36) File: /home/alejandro/Documents/gits/Digital-UN-2023_2/lab_ultra/top.v Line: 36
Info (10041): Inferred latch for "count_1[3]" at top.v(36) File: /home/alejandro/Documents/gits/Digital-UN-2023_2/lab_ultra/top.v Line: 36
Info (10041): Inferred latch for "count_1[4]" at top.v(36) File: /home/alejandro/Documents/gits/Digital-UN-2023_2/lab_ultra/top.v Line: 36
Info (10041): Inferred latch for "count_1[5]" at top.v(36) File: /home/alejandro/Documents/gits/Digital-UN-2023_2/lab_ultra/top.v Line: 36
Info (10041): Inferred latch for "count_1[6]" at top.v(36) File: /home/alejandro/Documents/gits/Digital-UN-2023_2/lab_ultra/top.v Line: 36
Info (10041): Inferred latch for "count_1[7]" at top.v(36) File: /home/alejandro/Documents/gits/Digital-UN-2023_2/lab_ultra/top.v Line: 36
Info (10041): Inferred latch for "count_1[8]" at top.v(36) File: /home/alejandro/Documents/gits/Digital-UN-2023_2/lab_ultra/top.v Line: 36
Info (10041): Inferred latch for "count_1[9]" at top.v(36) File: /home/alejandro/Documents/gits/Digital-UN-2023_2/lab_ultra/top.v Line: 36
Info (10041): Inferred latch for "count_1[10]" at top.v(36) File: /home/alejandro/Documents/gits/Digital-UN-2023_2/lab_ultra/top.v Line: 36
Info (10041): Inferred latch for "count_1[11]" at top.v(36) File: /home/alejandro/Documents/gits/Digital-UN-2023_2/lab_ultra/top.v Line: 36
Info (10041): Inferred latch for "count_1[12]" at top.v(36) File: /home/alejandro/Documents/gits/Digital-UN-2023_2/lab_ultra/top.v Line: 36
Info (10041): Inferred latch for "count_1[13]" at top.v(36) File: /home/alejandro/Documents/gits/Digital-UN-2023_2/lab_ultra/top.v Line: 36
Info (10041): Inferred latch for "count_1[14]" at top.v(36) File: /home/alejandro/Documents/gits/Digital-UN-2023_2/lab_ultra/top.v Line: 36
Info (10041): Inferred latch for "count_1[15]" at top.v(36) File: /home/alejandro/Documents/gits/Digital-UN-2023_2/lab_ultra/top.v Line: 36
Info (10041): Inferred latch for "count_1[16]" at top.v(36) File: /home/alejandro/Documents/gits/Digital-UN-2023_2/lab_ultra/top.v Line: 36
Info (10041): Inferred latch for "count_0[0]" at top.v(36) File: /home/alejandro/Documents/gits/Digital-UN-2023_2/lab_ultra/top.v Line: 36
Info (10041): Inferred latch for "count_0[1]" at top.v(36) File: /home/alejandro/Documents/gits/Digital-UN-2023_2/lab_ultra/top.v Line: 36
Info (10041): Inferred latch for "count_0[2]" at top.v(36) File: /home/alejandro/Documents/gits/Digital-UN-2023_2/lab_ultra/top.v Line: 36
Info (10041): Inferred latch for "count_0[3]" at top.v(36) File: /home/alejandro/Documents/gits/Digital-UN-2023_2/lab_ultra/top.v Line: 36
Info (10041): Inferred latch for "count_0[4]" at top.v(36) File: /home/alejandro/Documents/gits/Digital-UN-2023_2/lab_ultra/top.v Line: 36
Info (10041): Inferred latch for "count_0[5]" at top.v(36) File: /home/alejandro/Documents/gits/Digital-UN-2023_2/lab_ultra/top.v Line: 36
Info (10041): Inferred latch for "count_0[6]" at top.v(36) File: /home/alejandro/Documents/gits/Digital-UN-2023_2/lab_ultra/top.v Line: 36
Info (10041): Inferred latch for "count_0[7]" at top.v(36) File: /home/alejandro/Documents/gits/Digital-UN-2023_2/lab_ultra/top.v Line: 36
Info (10041): Inferred latch for "count_0[8]" at top.v(36) File: /home/alejandro/Documents/gits/Digital-UN-2023_2/lab_ultra/top.v Line: 36
Info (10041): Inferred latch for "count_0[9]" at top.v(36) File: /home/alejandro/Documents/gits/Digital-UN-2023_2/lab_ultra/top.v Line: 36
Info (10041): Inferred latch for "count_0[10]" at top.v(36) File: /home/alejandro/Documents/gits/Digital-UN-2023_2/lab_ultra/top.v Line: 36
Info (10041): Inferred latch for "count_0[11]" at top.v(36) File: /home/alejandro/Documents/gits/Digital-UN-2023_2/lab_ultra/top.v Line: 36
Info (10041): Inferred latch for "count_0[12]" at top.v(36) File: /home/alejandro/Documents/gits/Digital-UN-2023_2/lab_ultra/top.v Line: 36
Info (10041): Inferred latch for "count_0[13]" at top.v(36) File: /home/alejandro/Documents/gits/Digital-UN-2023_2/lab_ultra/top.v Line: 36
Info (10041): Inferred latch for "count_0[14]" at top.v(36) File: /home/alejandro/Documents/gits/Digital-UN-2023_2/lab_ultra/top.v Line: 36
Info (10041): Inferred latch for "count_0[15]" at top.v(36) File: /home/alejandro/Documents/gits/Digital-UN-2023_2/lab_ultra/top.v Line: 36
Info (10041): Inferred latch for "count_0[16]" at top.v(36) File: /home/alejandro/Documents/gits/Digital-UN-2023_2/lab_ultra/top.v Line: 36
Info (10041): Inferred latch for "ul_on" at top.v(36) File: /home/alejandro/Documents/gits/Digital-UN-2023_2/lab_ultra/top.v Line: 36
Info (10041): Inferred latch for "ti_on" at top.v(36) File: /home/alejandro/Documents/gits/Digital-UN-2023_2/lab_ultra/top.v Line: 36
Error (12153): Can't elaborate top-level user hierarchy
Error: Quartus Prime Analysis & Synthesis was unsuccessful. 4 errors, 12 warnings
    Error: Peak virtual memory: 336 megabytes
    Error: Processing ended: Thu Nov 30 10:13:48 2023
    Error: Elapsed time: 00:00:14
    Error: Total CPU time (on all processors): 00:00:35


